2025-07-31T17:39:44.795Z [INFO]: Login user with email admin 
2025-07-31T17:40:02.428Z [INFO]: Login user with email admin 
2025-07-31T17:40:02.502Z [ERROR]: Login user error: Invalid password {"stack":"Error: Invalid password\n    at Object.login (/app/src/services/auth.services.js:28:21)\n    at async login (/app/src/controllers/auth.controllers.js:21:22)"}
2025-08-01T03:10:50.085Z [INFO]: Login user with email admin 
2025-08-01T03:17:10.836Z [INFO]: Login user with email admin 
2025-08-01T12:01:30.508Z [INFO]: Login user with email admin 
2025-08-01T14:41:15.560Z [ERROR]: getUsersList for query: undefined 
2025-08-01T14:41:15.564Z [ERROR]: getUsersList user error: logger is not defined {"stack":"ReferenceError: logger is not defined\n    at Object.getUsersListByQuery (/app/src/services/users.services.js:4:3)\n    at getUsersList (/app/src/controllers/users.controllers.js:10:43)\n    at Layer.handle [as handle_request] (/app/node_modules/express/lib/router/layer.js:95:5)\n    at next (/app/node_modules/express/lib/router/route.js:149:13)\n    at authenticateJWT (/app/src/middlewares/authenticate.js:19:5)\n    at Layer.handle [as handle_request] (/app/node_modules/express/lib/router/layer.js:95:5)\n    at next (/app/node_modules/express/lib/router/route.js:149:13)\n    at Route.dispatch (/app/node_modules/express/lib/router/route.js:119:3)\n    at Layer.handle [as handle_request] (/app/node_modules/express/lib/router/layer.js:95:5)\n    at /app/node_modules/express/lib/router/index.js:284:15"}
2025-08-01T14:41:34.353Z [ERROR]: getUsersList for query: undefined 
2025-08-01T14:41:34.354Z [ERROR]: get users list by name service: undefined 
2025-08-01T14:41:34.355Z [ERROR]: query users by first name and last name for: undefined 
2025-08-01T14:43:08.154Z [ERROR]: getUsersList for query:  
2025-08-01T14:43:08.156Z [ERROR]: get users list by name service:  
2025-08-01T14:43:08.157Z [ERROR]: query users by first name and last name for:  
2025-08-01T14:43:14.444Z [ERROR]: getUsersList for query:  
2025-08-01T14:43:14.445Z [ERROR]: get users list by name service:  
2025-08-01T14:43:14.445Z [ERROR]: query users by first name and last name for:  
2025-08-01T15:21:23.566Z [ERROR]: getUsersList for query: admin 
2025-08-01T15:21:23.567Z [ERROR]: get users list by name service: admin 
2025-08-01T15:21:23.568Z [ERROR]: query users by first name and last name for: admin 
2025-08-01T15:21:27.094Z [ERROR]: getUsersList for query: ad 
2025-08-01T15:21:27.095Z [ERROR]: get users list by name service: ad 
2025-08-01T15:21:27.095Z [ERROR]: query users by first name and last name for: ad 
2025-08-01T15:22:43.776Z [ERROR]: getUsersList for query: dhun 
2025-08-01T15:22:43.776Z [ERROR]: get users list by name service: dhun 
2025-08-01T15:22:43.777Z [ERROR]: query users by first name and last name for: dhun 
2025-08-01T15:22:46.572Z [ERROR]: getUsersList for query: dhungel 
2025-08-01T15:22:46.572Z [ERROR]: get users list by name service: dhungel 
2025-08-01T15:22:46.572Z [ERROR]: query users by first name and last name for: dhungel 
2025-08-01T15:22:50.244Z [ERROR]: getUsersList for query: prat 
2025-08-01T15:22:50.244Z [ERROR]: get users list by name service: prat 
2025-08-01T15:22:50.244Z [ERROR]: query users by first name and last name for: prat 
2025-08-02T16:42:09.633Z [INFO]: Login user with email admin 
2025-08-06T02:28:03.644Z [INFO]: Login user with email admin 
2025-08-06T02:38:59.678Z [INFO]: Login user with email admin 
2025-08-06T03:29:29.862Z [INFO]: Login user with email admin 
2025-08-06T03:30:10.279Z [INFO]: getUsersFinancialSummary for user: 1 
2025-08-06T03:30:10.279Z [INFO]: get users financial summary service: 1 
2025-08-06T03:30:10.280Z [INFO]: query user's financial summary for user: 1 
2025-08-06T03:30:24.125Z [INFO]: getUsersFinancialSummary for user: 1 
2025-08-06T03:30:24.126Z [INFO]: get users financial summary service: 1 
2025-08-06T03:30:24.126Z [INFO]: query user's financial summary for user: 1 
2025-08-06T03:33:39.054Z [INFO]: getUsersFinancialSummary for user: 1 
2025-08-06T03:33:39.056Z [INFO]: get users financial summary service: 1 
2025-08-06T03:33:39.056Z [INFO]: query user's financial summary for user: 1 
2025-08-06T03:36:54.111Z [INFO]: getUsersFinancialSummary for user: 1 
2025-08-06T03:36:54.112Z [INFO]: get users financial summary service: 1 
2025-08-06T03:36:54.112Z [INFO]: query user's financial summary for user: 1 
2025-08-06T03:36:56.197Z [INFO]: getUsersFinancialSummary for user: 1 
2025-08-06T03:36:56.198Z [INFO]: get users financial summary service: 1 
2025-08-06T03:36:56.198Z [INFO]: query user's financial summary for user: 1 
2025-08-06T03:48:50.128Z [INFO]: getUsersFinancialSummary for user: 1 
2025-08-06T03:48:50.129Z [INFO]: get users financial summary service: 1 
2025-08-06T03:48:50.129Z [INFO]: query user's financial summary for user: 1 
2025-08-06T03:48:52.026Z [INFO]: getUsersFinancialSummary for user: 1 
2025-08-06T03:48:52.026Z [INFO]: get users financial summary service: 1 
2025-08-06T03:48:52.026Z [INFO]: query user's financial summary for user: 1 
2025-08-06T03:48:56.845Z [INFO]: getUsersFinancialSummary for user: 1 
2025-08-06T03:48:56.846Z [INFO]: get users financial summary service: 1 
2025-08-06T03:48:56.846Z [INFO]: query user's financial summary for user: 1 
2025-08-06T03:49:11.256Z [INFO]: getUsersFinancialSummary for user: 1 
2025-08-06T03:49:11.257Z [INFO]: get users financial summary service: 1 
2025-08-06T03:49:11.257Z [INFO]: query user's financial summary for user: 1 
2025-08-06T11:02:46.616Z [INFO]: Login user with email admin 
2025-08-06T11:02:46.729Z [INFO]: getUsersFinancialSummary for user: 1 
2025-08-06T11:02:46.729Z [INFO]: get users financial summary service: 1 
2025-08-06T11:02:46.729Z [INFO]: query user's financial summary for user: 1 
2025-08-06T11:02:55.492Z [INFO]: getUsersFinancialSummary for user: 1 
2025-08-06T11:02:55.492Z [INFO]: get users financial summary service: 1 
2025-08-06T11:02:55.492Z [INFO]: query user's financial summary for user: 1 
2025-08-06T11:07:44.994Z [INFO]: Login user with email admin 
2025-08-06T11:07:45.262Z [INFO]: getUsersFinancialSummary for user: 1 
2025-08-06T11:07:45.262Z [INFO]: get users financial summary service: 1 
2025-08-06T11:07:45.262Z [INFO]: query user's financial summary for user: 1 
2025-08-06T11:08:09.221Z [INFO]: getUsersFinancialSummary for user: 1 
2025-08-06T11:08:09.221Z [INFO]: get users financial summary service: 1 
2025-08-06T11:08:09.222Z [INFO]: query user's financial summary for user: 1 
2025-08-06T11:09:53.963Z [INFO]: Registering user with email: janedoe1@example.com 
2025-08-06T11:12:47.685Z [INFO]: getUsersFinancialSummary for user: 1 
2025-08-06T11:12:47.686Z [INFO]: get users financial summary service: 1 
2025-08-06T11:12:47.687Z [INFO]: query user's financial summary for user: 1 
2025-08-06T11:16:48.197Z [INFO]: Login user with email janedoe1@example.com 
2025-08-06T11:17:51.462Z [INFO]: Login user with email janedoe1@exmaple.com 
2025-08-06T11:17:51.476Z [ERROR]: Login user error: User with email does not exist {"stack":"Error: User with email does not exist\n    at Object.login (/app/src/services/auth.services.js:25:20)\n    at process.processTicksAndRejections (node:internal/process/task_queues:95:5)\n    at async login (/app/src/controllers/auth.controllers.js:21:22)"}
2025-08-06T11:18:00.480Z [INFO]: Login user with email janedoe1@example.com 
2025-08-06T11:18:00.585Z [INFO]: getUsersFinancialSummary for user: 3 
2025-08-06T11:18:00.586Z [INFO]: get users financial summary service: 3 
2025-08-06T11:18:00.586Z [INFO]: query user's financial summary for user: 3 
2025-08-06T11:21:47.131Z [INFO]: getUsersList for query: adm 
2025-08-06T11:21:47.132Z [INFO]: get users financial summary service: undefined 
2025-08-06T11:21:47.132Z [INFO]: query user's financial summary for user: undefined 
2025-08-06T11:23:03.303Z [INFO]: getUsersFinancialSummary for user: 3 
2025-08-06T11:23:03.305Z [INFO]: get users financial summary service: 3 
2025-08-06T11:23:03.305Z [INFO]: query user's financial summary for user: 3 
2025-08-06T11:23:11.183Z [INFO]: getUsersFinancialSummary for user: 3 
2025-08-06T11:23:11.184Z [INFO]: get users financial summary service: 3 
2025-08-06T11:23:11.184Z [INFO]: query user's financial summary for user: 3 
2025-08-06T11:23:21.218Z [INFO]: getUsersList for query: adm 
2025-08-06T11:23:21.218Z [INFO]: get users financial summary service: undefined 
2025-08-06T11:23:21.218Z [INFO]: query user's financial summary for user: undefined 
